<?xml version="1.0" encoding="UTF-8"?>
<testsuite name="com.github.jtam2000.initializr.InitializrApplicationTests" tests="1" skipped="0" failures="0" errors="0" timestamp="2020-12-11T22:51:37" hostname="JasonIMac2013" time="0.31">
  <properties/>
  <testcase name="contextLoads()" classname="com.github.jtam2000.initializr.InitializrApplicationTests" time="0.31"/>
  <system-out><![CDATA[17:51:36.216 [Test worker] DEBUG org.springframework.test.context.BootstrapUtils - Instantiating CacheAwareContextLoaderDelegate from class [org.springframework.test.context.cache.DefaultCacheAwareContextLoaderDelegate]
17:51:36.227 [Test worker] DEBUG org.springframework.test.context.BootstrapUtils - Instantiating BootstrapContext using constructor [public org.springframework.test.context.support.DefaultBootstrapContext(java.lang.Class,org.springframework.test.context.CacheAwareContextLoaderDelegate)]
17:51:36.258 [Test worker] DEBUG org.springframework.test.context.BootstrapUtils - Instantiating TestContextBootstrapper for test class [com.github.jtam2000.initializr.InitializrApplicationTests] from class [org.springframework.boot.test.context.SpringBootTestContextBootstrapper]
17:51:36.267 [Test worker] INFO org.springframework.boot.test.context.SpringBootTestContextBootstrapper - Neither @ContextConfiguration nor @ContextHierarchy found for test class [com.github.jtam2000.initializr.InitializrApplicationTests], using SpringBootContextLoader
17:51:36.271 [Test worker] DEBUG org.springframework.test.context.support.AbstractContextLoader - Did not detect default resource location for test class [com.github.jtam2000.initializr.InitializrApplicationTests]: class path resource [com/github/jtam2000/initializr/InitializrApplicationTests-context.xml] does not exist
17:51:36.271 [Test worker] DEBUG org.springframework.test.context.support.AbstractContextLoader - Did not detect default resource location for test class [com.github.jtam2000.initializr.InitializrApplicationTests]: class path resource [com/github/jtam2000/initializr/InitializrApplicationTestsContext.groovy] does not exist
17:51:36.272 [Test worker] INFO org.springframework.test.context.support.AbstractContextLoader - Could not detect default resource locations for test class [com.github.jtam2000.initializr.InitializrApplicationTests]: no resource found for suffixes {-context.xml, Context.groovy}.
17:51:36.272 [Test worker] INFO org.springframework.test.context.support.AnnotationConfigContextLoaderUtils - Could not detect default configuration classes for test class [com.github.jtam2000.initializr.InitializrApplicationTests]: InitializrApplicationTests does not declare any static, non-private, non-final, nested classes annotated with @Configuration.
17:51:36.309 [Test worker] DEBUG org.springframework.test.context.support.ActiveProfilesUtils - Could not find an 'annotation declaring class' for annotation type [org.springframework.test.context.ActiveProfiles] and class [com.github.jtam2000.initializr.InitializrApplicationTests]
17:51:36.359 [Test worker] DEBUG org.springframework.context.annotation.ClassPathScanningCandidateComponentProvider - Identified candidate component class: file [/Users/JasonTam/Downloads/initializr/build/classes/java/main/com/github/jtam2000/initializr/InitializrApplication.class]
17:51:36.360 [Test worker] INFO org.springframework.boot.test.context.SpringBootTestContextBootstrapper - Found @SpringBootConfiguration com.github.jtam2000.initializr.InitializrApplication for test class com.github.jtam2000.initializr.InitializrApplicationTests
17:51:36.447 [Test worker] DEBUG org.springframework.boot.test.context.SpringBootTestContextBootstrapper - @TestExecutionListeners is not present for class [com.github.jtam2000.initializr.InitializrApplicationTests]: using defaults.
17:51:36.448 [Test worker] INFO org.springframework.boot.test.context.SpringBootTestContextBootstrapper - Loaded default TestExecutionListener class names from location [META-INF/spring.factories]: [org.springframework.boot.test.autoconfigure.restdocs.RestDocsTestExecutionListener, org.springframework.boot.test.autoconfigure.web.client.MockRestServiceServerResetTestExecutionListener, org.springframework.boot.test.autoconfigure.web.servlet.MockMvcPrintOnlyOnFailureTestExecutionListener, org.springframework.boot.test.autoconfigure.web.servlet.WebDriverTestExecutionListener, org.springframework.boot.test.autoconfigure.webservices.client.MockWebServiceServerTestExecutionListener, org.springframework.boot.test.mock.mockito.MockitoTestExecutionListener, org.springframework.boot.test.mock.mockito.ResetMocksTestExecutionListener, org.springframework.test.context.web.ServletTestExecutionListener, org.springframework.test.context.support.DirtiesContextBeforeModesTestExecutionListener, org.springframework.test.context.support.DependencyInjectionTestExecutionListener, org.springframework.test.context.support.DirtiesContextTestExecutionListener, org.springframework.test.context.transaction.TransactionalTestExecutionListener, org.springframework.test.context.jdbc.SqlScriptsTestExecutionListener, org.springframework.test.context.event.EventPublishingTestExecutionListener]
17:51:36.458 [Test worker] DEBUG org.springframework.boot.test.context.SpringBootTestContextBootstrapper - Skipping candidate TestExecutionListener [org.springframework.test.context.transaction.TransactionalTestExecutionListener] due to a missing dependency. Specify custom listener classes or make the default listener classes and their required dependencies available. Offending class: [org/springframework/transaction/TransactionDefinition]
17:51:36.459 [Test worker] DEBUG org.springframework.boot.test.context.SpringBootTestContextBootstrapper - Skipping candidate TestExecutionListener [org.springframework.test.context.jdbc.SqlScriptsTestExecutionListener] due to a missing dependency. Specify custom listener classes or make the default listener classes and their required dependencies available. Offending class: [org/springframework/transaction/interceptor/TransactionAttribute]
17:51:36.459 [Test worker] INFO org.springframework.boot.test.context.SpringBootTestContextBootstrapper - Using TestExecutionListeners: [org.springframework.test.context.web.ServletTestExecutionListener@5f5c99e6, org.springframework.test.context.support.DirtiesContextBeforeModesTestExecutionListener@10e2c060, org.springframework.boot.test.mock.mockito.MockitoTestExecutionListener@1d831a67, org.springframework.boot.test.autoconfigure.SpringBootDependencyInjectionTestExecutionListener@4ef7bb8d, org.springframework.test.context.support.DirtiesContextTestExecutionListener@755f981c, org.springframework.test.context.event.EventPublishingTestExecutionListener@7338a717, org.springframework.boot.test.autoconfigure.restdocs.RestDocsTestExecutionListener@76eddb35, org.springframework.boot.test.autoconfigure.web.client.MockRestServiceServerResetTestExecutionListener@5b53db6, org.springframework.boot.test.autoconfigure.web.servlet.MockMvcPrintOnlyOnFailureTestExecutionListener@c23ca64, org.springframework.boot.test.autoconfigure.web.servlet.WebDriverTestExecutionListener@3a95c4e8, org.springframework.boot.test.autoconfigure.webservices.client.MockWebServiceServerTestExecutionListener@223984fc, org.springframework.boot.test.mock.mockito.ResetMocksTestExecutionListener@e4d4580]
17:51:36.462 [Test worker] DEBUG org.springframework.test.context.support.AbstractDirtiesContextTestExecutionListener - Before test class: context [DefaultTestContext@2bd485ba testClass = InitializrApplicationTests, testInstance = [null], testMethod = [null], testException = [null], mergedContextConfiguration = [WebMergedContextConfiguration@3a580661 testClass = InitializrApplicationTests, locations = '{}', classes = '{class com.github.jtam2000.initializr.InitializrApplication}', contextInitializerClasses = '[]', activeProfiles = '{}', propertySourceLocations = '{}', propertySourceProperties = '{org.springframework.boot.test.context.SpringBootTestContextBootstrapper=true}', contextCustomizers = set[org.springframework.boot.test.autoconfigure.actuate.metrics.MetricsExportContextCustomizerFactory$DisableMetricExportContextCustomizer@7288b81f, org.springframework.boot.test.autoconfigure.properties.PropertyMappingContextCustomizer@0, org.springframework.boot.test.autoconfigure.web.servlet.WebDriverContextCustomizerFactory$Customizer@79489ab3, org.springframework.boot.test.context.filter.ExcludeFilterContextCustomizer@66f13aa5, org.springframework.boot.test.json.DuplicateJsonObjectContextCustomizerFactory$DuplicateJsonObjectContextCustomizer@319bfc2, org.springframework.boot.test.mock.mockito.MockitoContextCustomizer@0, org.springframework.boot.test.web.client.TestRestTemplateContextCustomizer@6beda484, org.springframework.boot.test.context.SpringBootTestArgs@1, org.springframework.boot.test.context.SpringBootTestWebEnvironment@750144cf], resourceBasePath = 'src/main/webapp', contextLoader = 'org.springframework.boot.test.context.SpringBootContextLoader', parent = [null]], attributes = map['org.springframework.test.context.web.ServletTestExecutionListener.activateListener' -> true]], class annotated with @DirtiesContext [false] with mode [null].
17:51:36.490 [Test worker] DEBUG org.springframework.test.context.support.TestPropertySourceUtils - Adding inlined properties to environment: {spring.jmx.enabled=false, org.springframework.boot.test.context.SpringBootTestContextBootstrapper=true}

  .   ____          _            __ _ _
 /\\ / ___'_ __ _ _(_)_ __  __ _ \ \ \ \
( ( )\___ | '_ | '_| | '_ \/ _` | \ \ \ \
 \\/  ___)| |_)| | | | | || (_| |  ) ) ) )
  '  |____| .__|_| |_|_| |_\__, | / / / /
 =========|_|==============|___/=/_/_/_/
 :: Spring Boot ::                (v2.4.1)

2020-12-11 17:51:36.757  INFO 12620 --- [    Test worker] c.g.j.i.InitializrApplicationTests       : Starting InitializrApplicationTests using Java 11.0.2 on JasonIMac2013 with PID 12620 (started by JasonTam in /Users/JasonTam/Downloads/initializr)
2020-12-11 17:51:36.759  INFO 12620 --- [    Test worker] c.g.j.i.InitializrApplicationTests       : No active profile set, falling back to default profiles: default
2020-12-11 17:51:37.714  INFO 12620 --- [    Test worker] o.s.s.concurrent.ThreadPoolTaskExecutor  : Initializing ExecutorService 'applicationTaskExecutor'
2020-12-11 17:51:37.956  INFO 12620 --- [    Test worker] c.g.j.i.InitializrApplicationTests       : Started InitializrApplicationTests in 1.459 seconds (JVM running for 2.486)
]]></system-out>
  <system-err><![CDATA[]]></system-err>
</testsuite>
